# JRE version: OpenJDK Runtime Environment (21.0.8) (build 21.0.8+-14196175-b1038.72)
# Java VM: OpenJDK 64-Bit Server VM (21.0.8+-14196175-b1038.72, mixed mode, tiered, compressed oops, compressed class ptrs, g1 gc, windows-amd64)
GC Precious Log:
 CardTable entry size: 512
 Card Set container configuration: InlinePtr #cards 4 size 8 Array Of Cards #cards 32 size 80 Howl #buckets 8 coarsen threshold 7372 Howl Bitmap #cards 1024 size 144 coarsen threshold 921 Card regions per heap region 1 cards per card region 8192
 CPUs: 20 total, 20 available
 Memory: 16068M
 Large Page Support: Disabled
 NUMA Support: Disabled
 Compressed Oops: Enabled (Zero based)
 Heap Region Size: 4M
 Heap Min Capacity: 8M
 Heap Initial Capacity: 252M
 Heap Max Capacity: 8G
 Pre-touch: Disabled
 Parallel Workers: 15
 Concurrent Workers: 4
 Concurrent Refinement Workers: 15
 Periodic GC: Disabled
Heap:
 garbage-first heap   total 397312K, used 262693K [0x0000000600000000, 0x0000000800000000)
  region size 4096K, 12 young (49152K), 3 survivors (12288K)
 Metaspace       used 208285K, committed 211072K, reserved 1245184K
  class space    used 27767K, committed 29120K, reserved 1048576K
GC Heap History (20 events):
Event: 72.346 GC heap before
{Heap before GC invocations=71 (full 0):
 garbage-first heap   total 385024K, used 333890K [0x0000000600000000, 0x0000000800000000)
  region size 4096K, 29 young (118784K), 3 survivors (12288K)
 Metaspace       used 194512K, committed 197312K, reserved 1245184K
  class space    used 26192K, committed 27584K, reserved 1048576K
}
Event: 72.350 GC heap after
{Heap after GC invocations=72 (full 0):
 garbage-first heap   total 385024K, used 231602K [0x0000000600000000, 0x0000000800000000)
  region size 4096K, 2 young (8192K), 2 survivors (8192K)
 Metaspace       used 194512K, committed 197312K, reserved 1245184K
  class space    used 26192K, committed 27584K, reserved 1048576K
}
Event: 72.677 GC heap before
{Heap before GC invocations=72 (full 0):
 garbage-first heap   total 385024K, used 350386K [0x0000000600000000, 0x0000000800000000)
  region size 4096K, 31 young (126976K), 2 survivors (8192K)
 Metaspace       used 194548K, committed 197376K, reserved 1245184K
  class space    used 26193K, committed 27584K, reserved 1048576K
}
Event: 72.682 GC heap after
{Heap after GC invocations=73 (full 0):
 garbage-first heap   total 385024K, used 232439K [0x0000000600000000, 0x0000000800000000)
  region size 4096K, 3 young (12288K), 3 survivors (12288K)
 Metaspace       used 194548K, committed 197376K, reserved 1245184K
  class space    used 26193K, committed 27584K, reserved 1048576K
}
Event: 73.237 GC heap before
{Heap before GC invocations=74 (full 0):
 garbage-first heap   total 397312K, used 343031K [0x0000000600000000, 0x0000000800000000)
  region size 4096K, 30 young (122880K), 3 survivors (12288K)
 Metaspace       used 194556K, committed 197376K, reserved 1245184K
  class space    used 26193K, committed 27584K, reserved 1048576K
}
Event: 73.241 GC heap after
{Heap after GC invocations=75 (full 0):
 garbage-first heap   total 397312K, used 230238K [0x0000000600000000, 0x0000000800000000)
  region size 4096K, 2 young (8192K), 2 survivors (8192K)
 Metaspace       used 194556K, committed 197376K, reserved 1245184K
  class space    used 26193K, committed 27584K, reserved 1048576K
}
Event: 73.779 GC heap before
{Heap before GC invocations=75 (full 0):
 garbage-first heap   total 397312K, used 357214K [0x0000000600000000, 0x0000000800000000)
  region size 4096K, 34 young (139264K), 2 survivors (8192K)
 Metaspace       used 194558K, committed 197376K, reserved 1245184K
  class space    used 26193K, committed 27584K, reserved 1048576K
}
Event: 73.783 GC heap after
{Heap after GC invocations=76 (full 0):
 garbage-first heap   total 397312K, used 226179K [0x0000000600000000, 0x0000000800000000)
  region size 4096K, 2 young (8192K), 2 survivors (8192K)
 Metaspace       used 194558K, committed 197376K, reserved 1245184K
  class space    used 26193K, committed 27584K, reserved 1048576K
}
Event: 74.013 GC heap before
{Heap before GC invocations=76 (full 0):
 garbage-first heap   total 397312K, used 361347K [0x0000000600000000, 0x0000000800000000)
  region size 4096K, 35 young (143360K), 2 survivors (8192K)
 Metaspace       used 194558K, committed 197376K, reserved 1245184K
  class space    used 26193K, committed 27584K, reserved 1048576K
}
Event: 74.016 GC heap after
{Heap after GC invocations=77 (full 0):
 garbage-first heap   total 397312K, used 224912K [0x0000000600000000, 0x0000000800000000)
  region size 4096K, 2 young (8192K), 2 survivors (8192K)
 Metaspace       used 194558K, committed 197376K, reserved 1245184K
  class space    used 26193K, committed 27584K, reserved 1048576K
}
Event: 74.369 GC heap before
{Heap before GC invocations=78 (full 0):
 garbage-first heap   total 397312K, used 360080K [0x0000000600000000, 0x0000000800000000)
  region size 4096K, 35 young (143360K), 2 survivors (8192K)
 Metaspace       used 194569K, committed 197376K, reserved 1245184K
  class space    used 26193K, committed 27584K, reserved 1048576K
}
Event: 74.372 GC heap after
{Heap after GC invocations=79 (full 0):
 garbage-first heap   total 397312K, used 225235K [0x0000000600000000, 0x0000000800000000)
  region size 4096K, 2 young (8192K), 2 survivors (8192K)
 Metaspace       used 194569K, committed 197376K, reserved 1245184K
  class space    used 26193K, committed 27584K, reserved 1048576K
}
Event: 74.555 GC heap before
{Heap before GC invocations=79 (full 0):
 garbage-first heap   total 397312K, used 360403K [0x0000000600000000, 0x0000000800000000)
  region size 4096K, 35 young (143360K), 2 survivors (8192K)
 Metaspace       used 194569K, committed 197376K, reserved 1245184K
  class space    used 26193K, committed 27584K, reserved 1048576K
}
Event: 74.558 GC heap after
{Heap after GC invocations=80 (full 0):
 garbage-first heap   total 397312K, used 222246K [0x0000000600000000, 0x0000000800000000)
  region size 4096K, 2 young (8192K), 2 survivors (8192K)
 Metaspace       used 194569K, committed 197376K, reserved 1245184K
  class space    used 26193K, committed 27584K, reserved 1048576K
}
Event: 74.878 GC heap before
{Heap before GC invocations=80 (full 0):
 garbage-first heap   total 397312K, used 361510K [0x0000000600000000, 0x0000000800000000)
  region size 4096K, 36 young (147456K), 2 survivors (8192K)
 Metaspace       used 194783K, committed 197568K, reserved 1245184K
  class space    used 26195K, committed 27584K, reserved 1048576K
}
Event: 74.883 GC heap after
{Heap after GC invocations=81 (full 0):
 garbage-first heap   total 397312K, used 232584K [0x0000000600000000, 0x0000000800000000)
  region size 4096K, 5 young (20480K), 5 survivors (20480K)
 Metaspace       used 194783K, committed 197568K, reserved 1245184K
  class space    used 26195K, committed 27584K, reserved 1048576K
}
Event: 76.467 GC heap before
{Heap before GC invocations=82 (full 0):
 garbage-first heap   total 397312K, used 347272K [0x0000000600000000, 0x0000000800000000)
  region size 4096K, 33 young (135168K), 5 survivors (20480K)
 Metaspace       used 197991K, committed 200768K, reserved 1245184K
  class space    used 26372K, committed 27712K, reserved 1048576K
}
Event: 76.471 GC heap after
{Heap after GC invocations=83 (full 0):
 garbage-first heap   total 397312K, used 230250K [0x0000000600000000, 0x0000000800000000)
  region size 4096K, 1 young (4096K), 1 survivors (4096K)
 Metaspace       used 197991K, committed 200768K, reserved 1245184K
  class space    used 26372K, committed 27712K, reserved 1048576K
}
Event: 79.264 GC heap before
{Heap before GC invocations=83 (full 0):
 garbage-first heap   total 397312K, used 365418K [0x0000000600000000, 0x0000000800000000)
  region size 4096K, 34 young (139264K), 1 survivors (4096K)
 Metaspace       used 206846K, committed 209664K, reserved 1245184K
  class space    used 27564K, committed 28928K, reserved 1048576K
}
Event: 79.272 GC heap after
{Heap after GC invocations=84 (full 0):
 garbage-first heap   total 397312K, used 229925K [0x0000000600000000, 0x0000000800000000)
  region size 4096K, 3 young (12288K), 3 survivors (12288K)
 Metaspace       used 206846K, committed 209664K, reserved 1245184K
  class space    used 27564K, committed 28928K, reserved 1048576K
}

